c:\users\jamie\desktop\jsonbooleanevaluator\jsonbooleanevaluator\debug\jsonbooleanevaluator.pch
c:\users\jamie\desktop\jsonbooleanevaluator\jsonbooleanevaluator\debug\vc141.pdb
c:\users\jamie\desktop\jsonbooleanevaluator\jsonbooleanevaluator\debug\vc141.idb
c:\users\jamie\desktop\jsonbooleanevaluator\jsonbooleanevaluator\debug\stdafx.obj
c:\users\jamie\desktop\jsonbooleanevaluator\jsonbooleanevaluator\debug\jsonbooleanevaluator.pdb
c:\users\jamie\desktop\jsonbooleanevaluator\jsonbooleanevaluator\debug\jsonbooleanevaluator.idb
c:\users\jamie\desktop\jsonbooleanevaluator\jsonbooleanevaluator\debug\arithmeticcondition.obj
c:\users\jamie\desktop\jsonbooleanevaluator\jsonbooleanevaluator\debug\arithmetictree.obj
c:\users\jamie\desktop\jsonbooleanevaluator\jsonbooleanevaluator\debug\arraymethod.obj
c:\users\jamie\desktop\jsonbooleanevaluator\jsonbooleanevaluator\debug\booleanexpressionparser.obj
c:\users\jamie\desktop\jsonbooleanevaluator\jsonbooleanevaluator\debug\booleantree.obj
c:\users\jamie\desktop\jsonbooleanevaluator\jsonbooleanevaluator\debug\evaluatearithmeticexpressions.obj
c:\users\jamie\desktop\jsonbooleanevaluator\jsonbooleanevaluator\debug\jsonbooleanevaluator.obj
c:\users\jamie\desktop\jsonbooleanevaluator\jsonbooleanevaluator\debug\parsearraymethod.obj
c:\users\jamie\desktop\jsonbooleanevaluator\jsonbooleanevaluator\debug\utilities.obj
c:\users\jamie\desktop\jsonbooleanevaluator\jsonbooleanevaluator\debug\variableevaluator.obj
c:\users\jamie\desktop\jsonbooleanevaluator\debug\jsonbooleanevaluator.lib
c:\users\jamie\desktop\jsonbooleanevaluator\debug\jsonbooleanevaluator.exe
c:\users\jamie\desktop\jsonbooleanevaluator\debug\jsonbooleanevaluator.ilk
c:\users\jamie\desktop\jsonbooleanevaluator\debug\lnk{4ba5c8ed-3e52-432c-aaa5-540d69afbe68}.tmp
c:\users\jamie\desktop\jsonbooleanevaluator\debug\jsonbooleanevaluator.pdb
c:\users\jamie\desktop\jsonbooleanevaluator\jsonbooleanevaluator\debug\jsonbooleanevaluator.obj.enc
c:\users\jamie\desktop\jsonbooleanevaluator\jsonbooleanevaluator\debug\jsonbool.e0e1cba7.tlog\cl.command.1.tlog
c:\users\jamie\desktop\jsonbooleanevaluator\jsonbooleanevaluator\debug\jsonbool.e0e1cba7.tlog\cl.read.1.tlog
c:\users\jamie\desktop\jsonbooleanevaluator\jsonbooleanevaluator\debug\jsonbool.e0e1cba7.tlog\cl.write.1.tlog
c:\users\jamie\desktop\jsonbooleanevaluator\jsonbooleanevaluator\debug\jsonbool.e0e1cba7.tlog\jsonbooleanevaluator.write.1u.tlog
c:\users\jamie\desktop\jsonbooleanevaluator\jsonbooleanevaluator\debug\jsonbool.e0e1cba7.tlog\lib-link.read.1.tlog
c:\users\jamie\desktop\jsonbooleanevaluator\jsonbooleanevaluator\debug\jsonbool.e0e1cba7.tlog\lib-link.write.1.tlog
c:\users\jamie\desktop\jsonbooleanevaluator\jsonbooleanevaluator\debug\jsonbool.e0e1cba7.tlog\lib.command.1.tlog
c:\users\jamie\desktop\jsonbooleanevaluator\jsonbooleanevaluator\debug\jsonbool.e0e1cba7.tlog\link.10560.delete.1.tlog
c:\users\jamie\desktop\jsonbooleanevaluator\jsonbooleanevaluator\debug\jsonbool.e0e1cba7.tlog\link.11648.delete.1.tlog
c:\users\jamie\desktop\jsonbooleanevaluator\jsonbooleanevaluator\debug\jsonbool.e0e1cba7.tlog\link.12180.delete.1.tlog
c:\users\jamie\desktop\jsonbooleanevaluator\jsonbooleanevaluator\debug\jsonbool.e0e1cba7.tlog\link.12264.delete.1.tlog
c:\users\jamie\desktop\jsonbooleanevaluator\jsonbooleanevaluator\debug\jsonbool.e0e1cba7.tlog\link.1488.delete.1.tlog
c:\users\jamie\desktop\jsonbooleanevaluator\jsonbooleanevaluator\debug\jsonbool.e0e1cba7.tlog\link.3396.delete.1.tlog
c:\users\jamie\desktop\jsonbooleanevaluator\jsonbooleanevaluator\debug\jsonbool.e0e1cba7.tlog\link.4284.delete.1.tlog
c:\users\jamie\desktop\jsonbooleanevaluator\jsonbooleanevaluator\debug\jsonbool.e0e1cba7.tlog\link.5468.delete.1.tlog
c:\users\jamie\desktop\jsonbooleanevaluator\jsonbooleanevaluator\debug\jsonbool.e0e1cba7.tlog\link.8460.delete.1.tlog
c:\users\jamie\desktop\jsonbooleanevaluator\jsonbooleanevaluator\debug\jsonbool.e0e1cba7.tlog\link.9324.delete.1.tlog
c:\users\jamie\desktop\jsonbooleanevaluator\jsonbooleanevaluator\debug\jsonbool.e0e1cba7.tlog\link.9328.delete.1.tlog
c:\users\jamie\desktop\jsonbooleanevaluator\jsonbooleanevaluator\debug\jsonbool.e0e1cba7.tlog\link.command.1.tlog
c:\users\jamie\desktop\jsonbooleanevaluator\jsonbooleanevaluator\debug\jsonbool.e0e1cba7.tlog\link.read.1.tlog
c:\users\jamie\desktop\jsonbooleanevaluator\jsonbooleanevaluator\debug\jsonbool.e0e1cba7.tlog\link.write.1.tlog
